[0120/075952.903:ERROR:directory_reader_win.cc(43)] FindFirstFile: The system cannot find the path specified. (0x3)
[0123/021455.998:ERROR:crash_report_database_win.cc(455)] unexpected header
[0123/022456.034:ERROR:crash_report_database_win.cc(455)] unexpected header
[0123/022456.039:ERROR:filesystem_win.cc(129)] GetFileAttributes C:\Users\NoteBook\AppData\Local\Google\Chrome\User Data\Crashpad\attachments\03ff4b89-e266-421c-b3d6-48023731f0d9: The system cannot find the path specified. (0x3)
[0123/022456.039:ERROR:filesystem_win.cc(129)] GetFileAttributes C:\Users\NoteBook\AppData\Local\Google\Chrome\User Data\Crashpad\attachments\09ce4680-de47-4878-ae5d-0cabc211cdb3: The system cannot find the path specified. (0x3)
[0123/022456.056:ERROR:filesystem_win.cc(129)] GetFileAttributes C:\Users\NoteBook\AppData\Local\Google\Chrome\User Data\Crashpad\attachments\0dcbeebc-ed18-46b3-ad16-cf07e67dbbe5: The system cannot find the path specified. (0x3)
[0123/022456.065:ERROR:filesystem_win.cc(129)] GetFileAttributes C:\Users\NoteBook\AppData\Local\Google\Chrome\User Data\Crashpad\attachments\1250c3c8-d2cc-4d16-a9a5-b6b43bff29b6: The system cannot find the path specified. (0x3)
[0123/022456.066:ERROR:filesystem_win.cc(129)] GetFileAttributes C:\Users\NoteBook\AppData\Local\Google\Chrome\User Data\Crashpad\attachments\17c4463e-4e3a-4aac-a658-18b28e007dee: The system cannot find the path specified. (0x3)
[0123/022456.066:ERROR:filesystem_win.cc(129)] GetFileAttributes C:\Users\NoteBook\AppData\Local\Google\Chrome\User Data\Crashpad\attachments\1c005438-fda1-400c-9416-524e8892c495: The system cannot find the path specified. (0x3)
[0123/022456.067:ERROR:filesystem_win.cc(129)] GetFileAttributes C:\Users\NoteBook\AppData\Local\Google\Chrome\User Data\Crashpad\attachments\1f13cfb6-b625-4e7d-8314-669c1e10c019: The system cannot find the path specified. (0x3)
[0123/022456.067:ERROR:filesystem_win.cc(129)] GetFileAttributes C:\Users\NoteBook\AppData\Local\Google\Chrome\User Data\Crashpad\attachments\1fc686cd-21cc-4319-91a3-84aae9244916: The system cannot find the path specified. (0x3)
[0123/022456.067:ERROR:filesystem_win.cc(129)] GetFileAttributes C:\Users\NoteBook\AppData\Local\Google\Chrome\User Data\Crashpad\attachments\2218c44b-7c85-411f-9873-3f20a4be6583: The system cannot find the path specified. (0x3)
[0123/022456.068:ERROR:filesystem_win.cc(129)] GetFileAttributes C:\Users\NoteBook\AppData\Local\Google\Chrome\User Data\Crashpad\attachments\27618a66-8106-4dc7-8aab-ba751199f1f5: The system cannot find the path specified. (0x3)
[0123/022456.068:ERROR:filesystem_win.cc(129)] GetFileAttributes C:\Users\NoteBook\AppData\Local\Google\Chrome\User Data\Crashpad\attachments\2d392136-0309-4130-97c7-ee1a3e063c63: The system cannot find the path specified. (0x3)
[0123/022456.069:ERROR:filesystem_win.cc(129)] GetFileAttributes C:\Users\NoteBook\AppData\Local\Google\Chrome\User Data\Crashpad\attachments\2fe47730-4231-40cd-a9f3-8cef1d0f97ba: The system cannot find the path specified. (0x3)
[0123/022456.069:ERROR:filesystem_win.cc(129)] GetFileAttributes C:\Users\NoteBook\AppData\Local\Google\Chrome\User Data\Crashpad\attachments\32112630-d2c2-4787-a0b2-0b3bf0863d2f: The system cannot find the path specified. (0x3)
[0123/022456.069:ERROR:filesystem_win.cc(129)] GetFileAttributes C:\Users\NoteBook\AppData\Local\Google\Chrome\User Data\Crashpad\attachments\3623f46e-8ffe-4863-a7fb-dae8c5292f07: The system cannot find the path specified. (0x3)
[0123/022456.070:ERROR:filesystem_win.cc(129)] GetFileAttributes C:\Users\NoteBook\AppData\Local\Google\Chrome\User Data\Crashpad\attachments\4068f603-f8ff-4031-87d3-0e50c6ffbc34: The system cannot find the path specified. (0x3)
[0123/022456.070:ERROR:filesystem_win.cc(129)] GetFileAttributes C:\Users\NoteBook\AppData\Local\Google\Chrome\User Data\Crashpad\attachments\469360e6-f091-4800-a918-0623fbc34a57: The system cannot find the path specified. (0x3)
[0123/022456.071:ERROR:filesystem_win.cc(129)] GetFileAttributes C:\Users\NoteBook\AppData\Local\Google\Chrome\User Data\Crashpad\attachments\509e53ba-fa77-463c-8e42-3cc7dddd9b1e: The system cannot find the path specified. (0x3)
[0123/022456.071:ERROR:filesystem_win.cc(129)] GetFileAttributes C:\Users\NoteBook\AppData\Local\Google\Chrome\User Data\Crashpad\attachments\51f5c280-a249-4ace-a938-20ffc1b57779: The system cannot find the path specified. (0x3)
[0123/022456.092:ERROR:filesystem_win.cc(129)] GetFileAttributes C:\Users\NoteBook\AppData\Local\Google\Chrome\User Data\Crashpad\attachments\56e689f3-024e-4943-ae68-25c7e92b53b2: The system cannot find the path specified. (0x3)
[0123/022456.092:ERROR:filesystem_win.cc(129)] GetFileAttributes C:\Users\NoteBook\AppData\Local\Google\Chrome\User Data\Crashpad\attachments\679b0b1b-1953-4caf-837c-11c7e0a74e42: The system cannot find the path specified. (0x3)
[0123/022456.093:ERROR:filesystem_win.cc(129)] GetFileAttributes C:\Users\NoteBook\AppData\Local\Google\Chrome\User Data\Crashpad\attachments\7021b579-9d77-430c-8f85-35cbc8294cf1: The system cannot find the path specified. (0x3)
[0123/022456.093:ERROR:filesystem_win.cc(129)] GetFileAttributes C:\Users\NoteBook\AppData\Local\Google\Chrome\User Data\Crashpad\attachments\75f3714f-c3e9-4957-8aa5-b4317ecc4233: The system cannot find the path specified. (0x3)
[0123/022456.094:ERROR:filesystem_win.cc(129)] GetFileAttributes C:\Users\NoteBook\AppData\Local\Google\Chrome\User Data\Crashpad\attachments\796a3e75-38ce-47e1-bd12-b4615373745b: The system cannot find the path specified. (0x3)
[0123/022456.095:ERROR:filesystem_win.cc(129)] GetFileAttributes C:\Users\NoteBook\AppData\Local\Google\Chrome\User Data\Crashpad\attachments\7b14064c-78b2-47b9-9b54-61e9bbf4cd1a: The system cannot find the path specified. (0x3)
[0123/022456.097:ERROR:filesystem_win.cc(129)] GetFileAttributes C:\Users\NoteBook\AppData\Local\Google\Chrome\User Data\Crashpad\attachments\7ec0ce24-c9c6-4720-90d9-dca8b608de81: The system cannot find the path specified. (0x3)
[0123/022456.101:ERROR:filesystem_win.cc(129)] GetFileAttributes C:\Users\NoteBook\AppData\Local\Google\Chrome\User Data\Crashpad\attachments\803ed838-cff8-4ad6-a67c-82e4a4e4c3b7: The system cannot find the path specified. (0x3)
[0123/022456.102:ERROR:filesystem_win.cc(129)] GetFileAttributes C:\Users\NoteBook\AppData\Local\Google\Chrome\User Data\Crashpad\attachments\81b0f483-7fb5-4eb5-b598-bb24be0571a7: The system cannot find the path specified. (0x3)
[0123/022456.103:ERROR:filesystem_win.cc(129)] GetFileAttributes C:\Users\NoteBook\AppData\Local\Google\Chrome\User Data\Crashpad\attachments\8e655574-ccdc-4099-bd47-12ebed1bb033: The system cannot find the path specified. (0x3)
[0123/022456.103:ERROR:filesystem_win.cc(129)] GetFileAttributes C:\Users\NoteBook\AppData\Local\Google\Chrome\User Data\Crashpad\attachments\99aaa339-0999-4d8c-b521-d573773c6471: The system cannot find the path specified. (0x3)
[0123/022456.104:ERROR:filesystem_win.cc(129)] GetFileAttributes C:\Users\NoteBook\AppData\Local\Google\Chrome\User Data\Crashpad\attachments\a14bbbc7-f950-4500-8430-f5a87476e06b: The system cannot find the path specified. (0x3)
[0123/022456.105:ERROR:filesystem_win.cc(129)] GetFileAttributes C:\Users\NoteBook\AppData\Local\Google\Chrome\User Data\Crashpad\attachments\a28d7855-7d6e-4352-8a71-269f11fa0e05: The system cannot find the path specified. (0x3)
[0123/022456.115:ERROR:filesystem_win.cc(129)] GetFileAttributes C:\Users\NoteBook\AppData\Local\Google\Chrome\User Data\Crashpad\attachments\b9d1685c-5e13-4ff7-89af-94f4e103f486: The system cannot find the path specified. (0x3)
[0123/022456.116:ERROR:filesystem_win.cc(129)] GetFileAttributes C:\Users\NoteBook\AppData\Local\Google\Chrome\User Data\Crashpad\attachments\c1cdb676-3a32-4987-add7-5adc8a38ca4b: The system cannot find the path specified. (0x3)
[0123/022456.116:ERROR:filesystem_win.cc(129)] GetFileAttributes C:\Users\NoteBook\AppData\Local\Google\Chrome\User Data\Crashpad\attachments\c452b2cb-5042-48cf-8cd4-6fb256c9c2dc: The system cannot find the path specified. (0x3)
[0123/022456.117:ERROR:filesystem_win.cc(129)] GetFileAttributes C:\Users\NoteBook\AppData\Local\Google\Chrome\User Data\Crashpad\attachments\c48d57e9-0b74-4c1b-a5ef-723ff3d5e2e3: The system cannot find the path specified. (0x3)
[0123/022456.118:ERROR:filesystem_win.cc(129)] GetFileAttributes C:\Users\NoteBook\AppData\Local\Google\Chrome\User Data\Crashpad\attachments\c870035a-5888-4bfa-a06b-30d8b153e3ef: The system cannot find the path specified. (0x3)
[0123/022456.119:ERROR:filesystem_win.cc(129)] GetFileAttributes C:\Users\NoteBook\AppData\Local\Google\Chrome\User Data\Crashpad\attachments\cdbbe5e7-0dca-4165-8e7b-16eb71493428: The system cannot find the path specified. (0x3)
[0123/022456.119:ERROR:filesystem_win.cc(129)] GetFileAttributes C:\Users\NoteBook\AppData\Local\Google\Chrome\User Data\Crashpad\attachments\d0738029-92f6-4d6f-8c41-57acb54c1583: The system cannot find the path specified. (0x3)
[0123/022456.120:ERROR:filesystem_win.cc(129)] GetFileAttributes C:\Users\NoteBook\AppData\Local\Google\Chrome\User Data\Crashpad\attachments\d117f0d4-c23f-4eb5-9375-15a04a572680: The system cannot find the path specified. (0x3)
[0123/022456.121:ERROR:filesystem_win.cc(129)] GetFileAttributes C:\Users\NoteBook\AppData\Local\Google\Chrome\User Data\Crashpad\attachments\d8cab4ea-744b-4fe7-ad82-f0e7c12cf2d6: The system cannot find the path specified. (0x3)
[0123/022456.121:ERROR:filesystem_win.cc(129)] GetFileAttributes C:\Users\NoteBook\AppData\Local\Google\Chrome\User Data\Crashpad\attachments\d9e23972-fff9-402b-bfda-2633513fb3ca: The system cannot find the path specified. (0x3)
[0123/022456.142:ERROR:filesystem_win.cc(129)] GetFileAttributes C:\Users\NoteBook\AppData\Local\Google\Chrome\User Data\Crashpad\attachments\da5ee43c-6c66-4b4f-9109-c83307016951: The system cannot find the path specified. (0x3)
[0123/022456.142:ERROR:filesystem_win.cc(129)] GetFileAttributes C:\Users\NoteBook\AppData\Local\Google\Chrome\User Data\Crashpad\attachments\da6ea0be-9835-45e3-b006-7301b329e5ce: The system cannot find the path specified. (0x3)
[0123/022456.143:ERROR:filesystem_win.cc(129)] GetFileAttributes C:\Users\NoteBook\AppData\Local\Google\Chrome\User Data\Crashpad\attachments\e05df36b-3605-4bb1-b9c8-1ea4c74e9f77: The system cannot find the path specified. (0x3)
[0123/022456.144:ERROR:filesystem_win.cc(129)] GetFileAttributes C:\Users\NoteBook\AppData\Local\Google\Chrome\User Data\Crashpad\attachments\e1223e5d-fcdd-42c2-a2b8-08fedc834f08: The system cannot find the path specified. (0x3)
[0123/022456.145:ERROR:filesystem_win.cc(129)] GetFileAttributes C:\Users\NoteBook\AppData\Local\Google\Chrome\User Data\Crashpad\attachments\e57ed620-f5c5-4334-a1f9-7d649f0ad5e5: The system cannot find the path specified. (0x3)
[0123/022456.146:ERROR:filesystem_win.cc(129)] GetFileAttributes C:\Users\NoteBook\AppData\Local\Google\Chrome\User Data\Crashpad\attachments\f2f2f885-e52a-4cec-8c5e-785d5b42ab95: The system cannot find the path specified. (0x3)
[0123/022456.147:ERROR:filesystem_win.cc(129)] GetFileAttributes C:\Users\NoteBook\AppData\Local\Google\Chrome\User Data\Crashpad\attachments\f6a5b84e-9175-4685-ac4a-e67d70a1fadf: The system cannot find the path specified. (0x3)
[0123/022456.148:ERROR:filesystem_win.cc(129)] GetFileAttributes C:\Users\NoteBook\AppData\Local\Google\Chrome\User Data\Crashpad\attachments\f768ab76-baf9-4978-94bb-bd43f34d898f: The system cannot find the path specified. (0x3)
[0123/022456.149:ERROR:filesystem_win.cc(129)] GetFileAttributes C:\Users\NoteBook\AppData\Local\Google\Chrome\User Data\Crashpad\attachments\f9469d13-5f8b-42d6-9b22-a2e502c0239d: The system cannot find the path specified. (0x3)
[0123/022456.149:ERROR:filesystem_win.cc(129)] GetFileAttributes C:\Users\NoteBook\AppData\Local\Google\Chrome\User Data\Crashpad\attachments\fc8f8812-8fa0-4196-bd43-3abaf2bff753: The system cannot find the path specified. (0x3)
[0123/022456.150:ERROR:directory_reader_win.cc(43)] FindFirstFile: The system cannot find the path specified. (0x3)
[0123/022456.150:ERROR:crash_report_database_win.cc(455)] unexpected header
[0123/022456.150:ERROR:crash_report_database_win.cc(455)] unexpected header
[0123/022956.013:ERROR:crash_report_database_win.cc(455)] unexpected header
[0123/024456.029:ERROR:crash_report_database_win.cc(455)] unexpected header
[0123/025956.048:ERROR:crash_report_database_win.cc(455)] unexpected header
[0123/031456.061:ERROR:crash_report_database_win.cc(455)] unexpected header
[0123/032956.076:ERROR:crash_report_database_win.cc(455)] unexpected header
[0123/034456.090:ERROR:crash_report_database_win.cc(455)] unexpected header
[0123/035956.093:ERROR:crash_report_database_win.cc(455)] unexpected header
[0123/133712.015:ERROR:crash_report_database_win.cc(455)] unexpected header
[0123/135212.024:ERROR:crash_report_database_win.cc(455)] unexpected header
[0123/140712.036:ERROR:crash_report_database_win.cc(455)] unexpected header
[0124/011711.567:ERROR:crash_report_database_win.cc(455)] unexpected header
[0124/013211.727:ERROR:crash_report_database_win.cc(455)] unexpected header
[0124/014711.731:ERROR:crash_report_database_win.cc(455)] unexpected header
[0124/180743.535:ERROR:crash_report_database_win.cc(455)] unexpected header
[0124/183502.419:ERROR:crash_report_database_win.cc(455)] unexpected header
[0124/185002.460:ERROR:crash_report_database_win.cc(455)] unexpected header
[0124/190502.482:ERROR:crash_report_database_win.cc(455)] unexpected header
[0124/192002.483:ERROR:crash_report_database_win.cc(455)] unexpected header
[0124/193502.490:ERROR:crash_report_database_win.cc(455)] unexpected header
[0124/195002.497:ERROR:crash_report_database_win.cc(455)] unexpected header
[0124/200502.506:ERROR:crash_report_database_win.cc(455)] unexpected header
[0124/202002.519:ERROR:crash_report_database_win.cc(455)] unexpected header
[0124/203502.548:ERROR:crash_report_database_win.cc(455)] unexpected header
[0124/205002.551:ERROR:crash_report_database_win.cc(455)] unexpected header
[0124/215351.724:ERROR:crash_report_database_win.cc(455)] unexpected header
[0124/220851.887:ERROR:crash_report_database_win.cc(455)] unexpected header
[0125/011715.889:ERROR:crash_report_database_win.cc(455)] unexpected header
[0125/013215.930:ERROR:crash_report_database_win.cc(455)] unexpected header
[0125/014715.930:ERROR:crash_report_database_win.cc(455)] unexpected header
[0125/020215.938:ERROR:crash_report_database_win.cc(455)] unexpected header
[0125/021715.949:ERROR:crash_report_database_win.cc(455)] unexpected header
[0125/023215.958:ERROR:crash_report_database_win.cc(455)] unexpected header
[0125/024715.966:ERROR:crash_report_database_win.cc(455)] unexpected header
[0125/030214.423:ERROR:crash_report_database_win.cc(455)] unexpected header
[0125/031714.435:ERROR:crash_report_database_win.cc(455)] unexpected header
[0125/033214.442:ERROR:crash_report_database_win.cc(455)] unexpected header
[0125/034714.446:ERROR:crash_report_database_win.cc(455)] unexpected header
[0125/040214.451:ERROR:crash_report_database_win.cc(455)] unexpected header
[0125/041714.461:ERROR:crash_report_database_win.cc(455)] unexpected header
[0125/042442.080:ERROR:crash_report_database_win.cc(455)] unexpected header
[0125/042953.830:ERROR:crash_report_database_win.cc(455)] unexpected header
